<?xml version="1.0" encoding="UTF-8"?>
<robot generator="Robot 4.1.3 (Python 3.10.4 on win32)" generated="20220523 08:39:59.558" rpa="false" schemaversion="2">
<suite id="s1" name="Start" source="C:\Users\Mario.Doman\Desktop\MY_PROJECTS\VPP_VAGRANT_3VMS_IPERF\start.robot">
<test id="s1-t1" name="Start Vagrant VMS csp2s22c03">
<kw name="Run Process" library="Process">
<var>${result}</var>
<arg>vagrant</arg>
<arg>up</arg>
<arg>csp2s22c03</arg>
<arg>shell=True</arg>
<arg>stdout=vm_start_log_csp2s22c03.txt</arg>
<doc>Runs a process and waits for it to complete.</doc>
<msg timestamp="20220523 08:39:59.586" level="INFO">Starting process:
vagrant up csp2s22c03</msg>
<msg timestamp="20220523 08:39:59.589" level="INFO">Waiting for process to complete.</msg>
<msg timestamp="20220523 08:41:17.906" level="INFO">Process completed.</msg>
<msg timestamp="20220523 08:41:17.906" level="INFO">${result} = &lt;result object with rc 1&gt;</msg>
<status status="PASS" starttime="20220523 08:39:59.585" endtime="20220523 08:41:17.906"/>
</kw>
<kw name="Should Contain" library="BuiltIn">
<arg>${result.stdout}</arg>
<arg>Setting up vpp-plugin-core</arg>
<doc>Fails if ``container`` does not contain ``item`` one or more times.</doc>
<status status="PASS" starttime="20220523 08:41:17.906" endtime="20220523 08:41:17.911"/>
</kw>
<status status="PASS" starttime="20220523 08:39:59.585" endtime="20220523 08:41:17.911"/>
</test>
<test id="s1-t2" name="Start Vagrant VMS csp2s22c04">
<kw name="Run Process" library="Process">
<var>${result}</var>
<arg>vagrant</arg>
<arg>up</arg>
<arg>csp2s22c04</arg>
<arg>shell=True</arg>
<arg>stdout=vm_start_log_csp2s22c04.txt</arg>
<doc>Runs a process and waits for it to complete.</doc>
<msg timestamp="20220523 08:41:17.912" level="INFO">Starting process:
vagrant up csp2s22c04</msg>
<msg timestamp="20220523 08:41:17.914" level="INFO">Waiting for process to complete.</msg>
<msg timestamp="20220523 08:43:13.466" level="INFO">Process completed.</msg>
<msg timestamp="20220523 08:43:13.466" level="INFO">${result} = &lt;result object with rc 1&gt;</msg>
<status status="PASS" starttime="20220523 08:41:17.912" endtime="20220523 08:43:13.466"/>
</kw>
<kw name="Should Contain" library="BuiltIn">
<arg>${result.stdout}</arg>
<arg>v2.97/trex_client_v2.97.tar.gz</arg>
<doc>Fails if ``container`` does not contain ``item`` one or more times.</doc>
<status status="PASS" starttime="20220523 08:43:13.466" endtime="20220523 08:43:13.479"/>
</kw>
<status status="PASS" starttime="20220523 08:41:17.911" endtime="20220523 08:43:13.479"/>
</test>
<status status="PASS" starttime="20220523 08:39:59.559" endtime="20220523 08:43:13.480"/>
</suite>
<statistics>
<total>
<stat pass="2" fail="0" skip="0">All Tests</stat>
</total>
<tag>
</tag>
<suite>
<stat pass="2" fail="0" skip="0" id="s1" name="Start">Start</stat>
</suite>
</statistics>
<errors>
</errors>
</robot>
